#
# There is insufficient memory for the Java Runtime Environment to continue.
# Native memory allocation (malloc) failed to allocate 215440 bytes for Chunk::new
# Possible reasons:
#   The system is out of physical RAM or swap space
#   The process is running with CompressedOops enabled, and the Java Heap may be blocking the growth of the native heap
# Possible solutions:
#   Reduce memory load on the system
#   Increase physical memory or swap space
#   Check if swap backing store is full
#   Decrease Java heap size (-Xmx/-Xms)
#   Decrease number of Java threads
#   Decrease Java thread stack sizes (-Xss)
#   Set larger code cache with -XX:ReservedCodeCacheSize=
#   JVM is running with Zero Based Compressed Oops mode in which the Java heap is
#     placed in the first 32GB address space. The Java Heap base address is the
#     maximum limit for the native heap growth. Please use -XX:HeapBaseMinAddress
#     to set the Java Heap base and to place the Java Heap above 32GB virtual address.
# This output file may be truncated or incomplete.
#
#  Out of Memory Error (arena.cpp:184), pid=9752, tid=33524
#
# JRE version: OpenJDK Runtime Environment (19.0.1+10) (build 19.0.1+10-21)
# Java VM: OpenJDK 64-Bit Server VM (19.0.1+10-21, mixed mode, sharing, tiered, compressed oops, compressed class ptrs, g1 gc, windows-amd64)
# No core dump will be written. Minidumps are not enabled by default on client versions of Windows
#

---------------  S U M M A R Y ------------

Command Line: -agentlib:jdwp=transport=dt_socket,server=n,suspend=y,address=localhost:50162 -XX:+ShowCodeDetailsInExceptionMessages -Dspring.jmx.enabled=true -Dmanagement.endpoints.jmx.exposure.include=* -Dspring.application.admin.enabled=true -Dspring.boot.project.name=backend-calidad -Djava.rmi.server.hostname=localhost com.generacc.backend.calidad.backendcalidad.BackendCalidadApplication

Host: Intel(R) Core(TM) i5-4300M CPU @ 2.60GHz, 4 cores, 11G,  Windows 10 , 64 bit Build 19041 (10.0.19041.3031)
Time: Mon Jul 10 17:57:50 2023 Hora est. Sudamérica Pacífico elapsed time: 4.638175 seconds (0d 0h 0m 4s)

---------------  T H R E A D  ---------------

Current thread (0x0000021ce3439690):  JavaThread "C2 CompilerThread0" daemon [_thread_in_native, id=33524, stack(0x00000031c3a00000,0x00000031c3b00000)]


Current CompileTask:
C2:   4638 1577       4       jdk.internal.org.objectweb.asm.SymbolTable::addConstantUtf8 (98 bytes)

Stack: [0x00000031c3a00000,0x00000031c3b00000]
Native frames: (J=compiled Java code, j=interpreted, Vv=VM code, C=native code)
V  [jvm.dll+0x6ee8fa]
V  [jvm.dll+0x857a1e]
V  [jvm.dll+0x85940e]
V  [jvm.dll+0x859ac3]
V  [jvm.dll+0x28291f]
V  [jvm.dll+0xc9b5f]
V  [jvm.dll+0xc9ee5]
V  [jvm.dll+0x3bcbac]
V  [jvm.dll+0x386201]
V  [jvm.dll+0x38567a]
V  [jvm.dll+0x24c2c9]
V  [jvm.dll+0x24b671]
V  [jvm.dll+0x1d6d61]
V  [jvm.dll+0x25b0fa]
V  [jvm.dll+0x259588]
V  [jvm.dll+0x807928]
V  [jvm.dll+0x8015fa]
V  [jvm.dll+0x6ed5eb]
C  [ucrtbase.dll+0x21bb2]
C  [KERNEL32.DLL+0x17614]
C  [ntdll.dll+0x526f1]


---------------  P R O C E S S  ---------------

Threads class SMR info:
_java_thread_list=0x0000021ce8801750, length=21, elements={
0x0000021cc1148300, 0x0000021ce3422080, 0x0000021ce3422e70, 0x0000021ce342a450,
0x0000021ce342af80, 0x0000021ce342e060, 0x0000021ce342f130, 0x0000021ce3439690,
0x0000021ce3465ad0, 0x0000021ce3472800, 0x0000021ce78ea090, 0x0000021ce78ecc20,
0x0000021ce78f7110, 0x0000021ce78fa5c0, 0x0000021ce78faf60, 0x0000021ce851b040,
0x0000021ce85c4ef0, 0x0000021ce88365e0, 0x0000021ce8837130, 0x0000021ce83e2450,
0x0000021ce83e2ea0
}

Java Threads: ( => current thread )
  0x0000021cc1148300 JavaThread "main" [_thread_blocked, id=10812, stack(0x00000031c2d00000,0x00000031c2e00000)]
  0x0000021ce3422080 JavaThread "Reference Handler" daemon [_thread_blocked, id=19736, stack(0x00000031c3400000,0x00000031c3500000)]
  0x0000021ce3422e70 JavaThread "Finalizer" daemon [_thread_blocked, id=17664, stack(0x00000031c3500000,0x00000031c3600000)]
  0x0000021ce342a450 JavaThread "Signal Dispatcher" daemon [_thread_blocked, id=6152, stack(0x00000031c3600000,0x00000031c3700000)]
  0x0000021ce342af80 JavaThread "Attach Listener" daemon [_thread_blocked, id=15536, stack(0x00000031c3700000,0x00000031c3800000)]
  0x0000021ce342e060 JavaThread "Service Thread" daemon [_thread_blocked, id=2860, stack(0x00000031c3800000,0x00000031c3900000)]
  0x0000021ce342f130 JavaThread "Monitor Deflation Thread" daemon [_thread_blocked, id=37680, stack(0x00000031c3900000,0x00000031c3a00000)]
=>0x0000021ce3439690 JavaThread "C2 CompilerThread0" daemon [_thread_in_native, id=33524, stack(0x00000031c3a00000,0x00000031c3b00000)]
  0x0000021ce3465ad0 JavaThread "C1 CompilerThread0" daemon [_thread_blocked, id=41804, stack(0x00000031c3b00000,0x00000031c3c00000)]
  0x0000021ce3472800 JavaThread "Sweeper thread" daemon [_thread_blocked, id=41880, stack(0x00000031c3c00000,0x00000031c3d00000)]
  0x0000021ce78ea090 JavaThread "JDWP Transport Listener: dt_socket" daemon [_thread_blocked, id=27700, stack(0x00000031c3d00000,0x00000031c3e00000)]
  0x0000021ce78ecc20 JavaThread "JDWP Event Helper Thread" daemon [_thread_blocked, id=35036, stack(0x00000031c3e00000,0x00000031c3f00000)]
  0x0000021ce78f7110 JavaThread "JDWP Command Reader" daemon [_thread_in_native, id=31536, stack(0x00000031c3f00000,0x00000031c4000000)]
  0x0000021ce78fa5c0 JavaThread "Notification Thread" daemon [_thread_blocked, id=34820, stack(0x00000031c4000000,0x00000031c4100000)]
  0x0000021ce78faf60 JavaThread "Common-Cleaner" daemon [_thread_blocked, id=12168, stack(0x00000031c4200000,0x00000031c4300000)]
  0x0000021ce851b040 JavaThread "RMI TCP Accept-0" daemon [_thread_in_native, id=6388, stack(0x00000031c4600000,0x00000031c4700000)]
  0x0000021ce85c4ef0 JavaThread "RMI TCP Connection(1)-127.0.0.1" daemon [_thread_in_vm, id=6492, stack(0x00000031c4700000,0x00000031c4800000)]
  0x0000021ce88365e0 JavaThread "Thread-0" [_thread_blocked, id=29288, stack(0x00000031c4800000,0x00000031c4900000)]
  0x0000021ce8837130 JavaThread "restartedMain" [_thread_in_vm, id=30244, stack(0x00000031c4900000,0x00000031c4a00000)]
  0x0000021ce83e2450 JavaThread "RMI Scheduler(0)" daemon [_thread_blocked, id=29068, stack(0x00000031c4a00000,0x00000031c4b00000)]
  0x0000021ce83e2ea0 JavaThread "JMX server connection timeout 34" daemon [_thread_blocked, id=31804, stack(0x00000031c4b00000,0x00000031c4c00000)]

Other Threads:
  0x0000021ce3407860 VMThread "VM Thread" [stack: 0x00000031c3300000,0x00000031c3400000] [id=4880]
  0x0000021ce78fab00 WatcherThread "VM Periodic Task Thread" [stack: 0x00000031c4100000,0x00000031c4200000] [id=31428]
  0x0000021cc11ac180 WorkerThread "GC Thread#0" [stack: 0x00000031c2e00000,0x00000031c2f00000] [id=8440]
  0x0000021ce82994f0 WorkerThread "GC Thread#1" [stack: 0x00000031c4300000,0x00000031c4400000] [id=31244]
  0x0000021ce82eef10 WorkerThread "GC Thread#2" [stack: 0x00000031c4400000,0x00000031c4500000] [id=12836]
  0x0000021ce82ef1e0 WorkerThread "GC Thread#3" [stack: 0x00000031c4500000,0x00000031c4600000] [id=26848]
  0x0000021cc11b95a0 ConcurrentGCThread "G1 Main Marker" [stack: 0x00000031c2f00000,0x00000031c3000000] [id=29556]
  0x0000021cc11ba170 WorkerThread "G1 Conc#0" [stack: 0x00000031c3000000,0x00000031c3100000] [id=39476]
  0x0000021ce32d20b0 ConcurrentGCThread "G1 Refine#0" [stack: 0x00000031c3100000,0x00000031c3200000] [id=30680]
  0x0000021ce32d2bf0 ConcurrentGCThread "G1 Service" [stack: 0x00000031c3200000,0x00000031c3300000] [id=37796]

Threads with active compile tasks:
C2 CompilerThread0     4691 1577       4       jdk.internal.org.objectweb.asm.SymbolTable::addConstantUtf8 (98 bytes)

VM state: not at safepoint (normal execution)

VM Mutex/Monitor currently owned by a thread:  ([mutex/lock_event])
[0x0000021cc1141e30] Metaspace_lock - owner thread: 0x0000021ce8837130

Heap address: 0x0000000744800000, size: 3000 MB, Compressed Oops mode: Zero based, Oop shift amount: 3

CDS archive(s) mapped at: [0x0000000800000000-0x0000000800c30000-0x0000000800c30000), size 12779520, SharedBaseAddress: 0x0000000800000000, ArchiveRelocationMode: 0.
Compressed class space mapped at: 0x0000000801000000-0x0000000841000000, reserved size: 1073741824
Narrow klass base: 0x0000000800000000, Narrow klass shift: 0, Narrow klass range: 0x100000000

GC Precious Log:
 CardTable entry size: 512
 Card Set container configuration: InlinePtr #cards 4 size 8 Array Of Cards #cards 16 size 48 Howl #buckets 8 coarsen threshold 3686 Howl Bitmap #cards 512 size 80 coarsen threshold 460 Card regions per heap region 1 cards per card region 4096
 CPUs: 4 total, 4 available
 Memory: 11992M
 Large Page Support: Disabled
 NUMA Support: Disabled
 Compressed Oops: Enabled (Zero based)
 Heap Region Size: 2M
 Heap Min Capacity: 8M
 Heap Initial Capacity: 188M
 Heap Max Capacity: 3000M
 Pre-touch: Disabled
 Parallel Workers: 4
 Concurrent Workers: 1
 Concurrent Refinement Workers: 4
 Periodic GC: Disabled

Heap:
 garbage-first heap   total 192512K, used 19280K [0x0000000744800000, 0x0000000800000000)
  region size 2048K, 9 young (18432K), 1 survivors (2048K)
 Metaspace       used 9623K, committed 9856K, reserved 1114112K
  class space    used 1035K, committed 1152K, reserved 1048576K

Heap Regions: E=young(eden), S=young(survivor), O=old, HS=humongous(starts), HC=humongous(continues), CS=collection set, F=free, OA=open archive, CA=closed archive, TAMS=top-at-mark-start (previous, next)
|   0|0x0000000744800000, 0x0000000744a00000, 0x0000000744a00000|100%| O|  |TAMS 0x0000000744800000, 0x0000000744800000| Untracked 
|   1|0x0000000744a00000, 0x0000000744c00000, 0x0000000744c00000|100%| O|  |TAMS 0x0000000744a00000, 0x0000000744a00000| Untracked 
|   2|0x0000000744c00000, 0x0000000744dfec00, 0x0000000744e00000| 99%| O|  |TAMS 0x0000000744c00000, 0x0000000744c00000| Untracked 
|   3|0x0000000744e00000, 0x0000000744e00000, 0x0000000745000000|  0%| F|  |TAMS 0x0000000744e00000, 0x0000000744e00000| Untracked 
|   4|0x0000000745000000, 0x0000000745000000, 0x0000000745200000|  0%| F|  |TAMS 0x0000000745000000, 0x0000000745000000| Untracked 
|   5|0x0000000745200000, 0x0000000745200000, 0x0000000745400000|  0%| F|  |TAMS 0x0000000745200000, 0x0000000745200000| Untracked 
|   6|0x0000000745400000, 0x0000000745400000, 0x0000000745600000|  0%| F|  |TAMS 0x0000000745400000, 0x0000000745400000| Untracked 
|   7|0x0000000745600000, 0x0000000745600000, 0x0000000745800000|  0%| F|  |TAMS 0x0000000745600000, 0x0000000745600000| Untracked 
|   8|0x0000000745800000, 0x0000000745800000, 0x0000000745a00000|  0%| F|  |TAMS 0x0000000745800000, 0x0000000745800000| Untracked 
|   9|0x0000000745a00000, 0x0000000745a00000, 0x0000000745c00000|  0%| F|  |TAMS 0x0000000745a00000, 0x0000000745a00000| Untracked 
|  10|0x0000000745c00000, 0x0000000745c00000, 0x0000000745e00000|  0%| F|  |TAMS 0x0000000745c00000, 0x0000000745c00000| Untracked 
|  11|0x0000000745e00000, 0x0000000745e00000, 0x0000000746000000|  0%| F|  |TAMS 0x0000000745e00000, 0x0000000745e00000| Untracked 
|  12|0x0000000746000000, 0x0000000746000000, 0x0000000746200000|  0%| F|  |TAMS 0x0000000746000000, 0x0000000746000000| Untracked 
|  13|0x0000000746200000, 0x0000000746200000, 0x0000000746400000|  0%| F|  |TAMS 0x0000000746200000, 0x0000000746200000| Untracked 
|  14|0x0000000746400000, 0x0000000746400000, 0x0000000746600000|  0%| F|  |TAMS 0x0000000746400000, 0x0000000746400000| Untracked 
|  15|0x0000000746600000, 0x0000000746600000, 0x0000000746800000|  0%| F|  |TAMS 0x0000000746600000, 0x0000000746600000| Untracked 
|  16|0x0000000746800000, 0x0000000746800000, 0x0000000746a00000|  0%| F|  |TAMS 0x0000000746800000, 0x0000000746800000| Untracked 
|  17|0x0000000746a00000, 0x0000000746a00000, 0x0000000746c00000|  0%| F|  |TAMS 0x0000000746a00000, 0x0000000746a00000| Untracked 
|  18|0x0000000746c00000, 0x0000000746c00000, 0x0000000746e00000|  0%| F|  |TAMS 0x0000000746c00000, 0x0000000746c00000| Untracked 
|  19|0x0000000746e00000, 0x0000000746e00000, 0x0000000747000000|  0%| F|  |TAMS 0x0000000746e00000, 0x0000000746e00000| Untracked 
|  20|0x0000000747000000, 0x0000000747000000, 0x0000000747200000|  0%| F|  |TAMS 0x0000000747000000, 0x0000000747000000| Untracked 
|  21|0x0000000747200000, 0x0000000747200000, 0x0000000747400000|  0%| F|  |TAMS 0x0000000747200000, 0x0000000747200000| Untracked 
|  22|0x0000000747400000, 0x0000000747400000, 0x0000000747600000|  0%| F|  |TAMS 0x0000000747400000, 0x0000000747400000| Untracked 
|  23|0x0000000747600000, 0x0000000747600000, 0x0000000747800000|  0%| F|  |TAMS 0x0000000747600000, 0x0000000747600000| Untracked 
|  24|0x0000000747800000, 0x0000000747800000, 0x0000000747a00000|  0%| F|  |TAMS 0x0000000747800000, 0x0000000747800000| Untracked 
|  25|0x0000000747a00000, 0x0000000747a00000, 0x0000000747c00000|  0%| F|  |TAMS 0x0000000747a00000, 0x0000000747a00000| Untracked 
|  26|0x0000000747c00000, 0x0000000747c00000, 0x0000000747e00000|  0%| F|  |TAMS 0x0000000747c00000, 0x0000000747c00000| Untracked 
|  27|0x0000000747e00000, 0x0000000747e00000, 0x0000000748000000|  0%| F|  |TAMS 0x0000000747e00000, 0x0000000747e00000| Untracked 
|  28|0x0000000748000000, 0x0000000748000000, 0x0000000748200000|  0%| F|  |TAMS 0x0000000748000000, 0x0000000748000000| Untracked 
|  29|0x0000000748200000, 0x0000000748200000, 0x0000000748400000|  0%| F|  |TAMS 0x0000000748200000, 0x0000000748200000| Untracked 
|  30|0x0000000748400000, 0x0000000748400000, 0x0000000748600000|  0%| F|  |TAMS 0x0000000748400000, 0x0000000748400000| Untracked 
|  31|0x0000000748600000, 0x0000000748600000, 0x0000000748800000|  0%| F|  |TAMS 0x0000000748600000, 0x0000000748600000| Untracked 
|  32|0x0000000748800000, 0x0000000748800000, 0x0000000748a00000|  0%| F|  |TAMS 0x0000000748800000, 0x0000000748800000| Untracked 
|  33|0x0000000748a00000, 0x0000000748a00000, 0x0000000748c00000|  0%| F|  |TAMS 0x0000000748a00000, 0x0000000748a00000| Untracked 
|  34|0x0000000748c00000, 0x0000000748c00000, 0x0000000748e00000|  0%| F|  |TAMS 0x0000000748c00000, 0x0000000748c00000| Untracked 
|  35|0x0000000748e00000, 0x0000000748e00000, 0x0000000749000000|  0%| F|  |TAMS 0x0000000748e00000, 0x0000000748e00000| Untracked 
|  36|0x0000000749000000, 0x0000000749000000, 0x0000000749200000|  0%| F|  |TAMS 0x0000000749000000, 0x0000000749000000| Untracked 
|  37|0x0000000749200000, 0x0000000749200000, 0x0000000749400000|  0%| F|  |TAMS 0x0000000749200000, 0x0000000749200000| Untracked 
|  38|0x0000000749400000, 0x0000000749400000, 0x0000000749600000|  0%| F|  |TAMS 0x0000000749400000, 0x0000000749400000| Untracked 
|  39|0x0000000749600000, 0x0000000749600000, 0x0000000749800000|  0%| F|  |TAMS 0x0000000749600000, 0x0000000749600000| Untracked 
|  40|0x0000000749800000, 0x0000000749800000, 0x0000000749a00000|  0%| F|  |TAMS 0x0000000749800000, 0x0000000749800000| Untracked 
|  41|0x0000000749a00000, 0x0000000749a00000, 0x0000000749c00000|  0%| F|  |TAMS 0x0000000749a00000, 0x0000000749a00000| Untracked 
|  42|0x0000000749c00000, 0x0000000749c00000, 0x0000000749e00000|  0%| F|  |TAMS 0x0000000749c00000, 0x0000000749c00000| Untracked 
|  43|0x0000000749e00000, 0x0000000749e00000, 0x000000074a000000|  0%| F|  |TAMS 0x0000000749e00000, 0x0000000749e00000| Untracked 
|  44|0x000000074a000000, 0x000000074a000000, 0x000000074a200000|  0%| F|  |TAMS 0x000000074a000000, 0x000000074a000000| Untracked 
|  45|0x000000074a200000, 0x000000074a200000, 0x000000074a400000|  0%| F|  |TAMS 0x000000074a200000, 0x000000074a200000| Untracked 
|  46|0x000000074a400000, 0x000000074a400000, 0x000000074a600000|  0%| F|  |TAMS 0x000000074a400000, 0x000000074a400000| Untracked 
|  47|0x000000074a600000, 0x000000074a600000, 0x000000074a800000|  0%| F|  |TAMS 0x000000074a600000, 0x000000074a600000| Untracked 
|  48|0x000000074a800000, 0x000000074a800000, 0x000000074aa00000|  0%| F|  |TAMS 0x000000074a800000, 0x000000074a800000| Untracked 
|  49|0x000000074aa00000, 0x000000074aa00000, 0x000000074ac00000|  0%| F|  |TAMS 0x000000074aa00000, 0x000000074aa00000| Untracked 
|  50|0x000000074ac00000, 0x000000074ac00000, 0x000000074ae00000|  0%| F|  |TAMS 0x000000074ac00000, 0x000000074ac00000| Untracked 
|  51|0x000000074ae00000, 0x000000074ae00000, 0x000000074b000000|  0%| F|  |TAMS 0x000000074ae00000, 0x000000074ae00000| Untracked 
|  52|0x000000074b000000, 0x000000074b000000, 0x000000074b200000|  0%| F|  |TAMS 0x000000074b000000, 0x000000074b000000| Untracked 
|  53|0x000000074b200000, 0x000000074b200000, 0x000000074b400000|  0%| F|  |TAMS 0x000000074b200000, 0x000000074b200000| Untracked 
|  54|0x000000074b400000, 0x000000074b400000, 0x000000074b600000|  0%| F|  |TAMS 0x000000074b400000, 0x000000074b400000| Untracked 
|  55|0x000000074b600000, 0x000000074b600000, 0x000000074b800000|  0%| F|  |TAMS 0x000000074b600000, 0x000000074b600000| Untracked 
|  56|0x000000074b800000, 0x000000074b800000, 0x000000074ba00000|  0%| F|  |TAMS 0x000000074b800000, 0x000000074b800000| Untracked 
|  57|0x000000074ba00000, 0x000000074ba00000, 0x000000074bc00000|  0%| F|  |TAMS 0x000000074ba00000, 0x000000074ba00000| Untracked 
|  58|0x000000074bc00000, 0x000000074bc00000, 0x000000074be00000|  0%| F|  |TAMS 0x000000074bc00000, 0x000000074bc00000| Untracked 
|  59|0x000000074be00000, 0x000000074be00000, 0x000000074c000000|  0%| F|  |TAMS 0x000000074be00000, 0x000000074be00000| Untracked 
|  60|0x000000074c000000, 0x000000074c000000, 0x000000074c200000|  0%| F|  |TAMS 0x000000074c000000, 0x000000074c000000| Untracked 
|  61|0x000000074c200000, 0x000000074c200000, 0x000000074c400000|  0%| F|  |TAMS 0x000000074c200000, 0x000000074c200000| Untracked 
|  62|0x000000074c400000, 0x000000074c400000, 0x000000074c600000|  0%| F|  |TAMS 0x000000074c400000, 0x000000074c400000| Untracked 
|  63|0x000000074c600000, 0x000000074c600000, 0x000000074c800000|  0%| F|  |TAMS 0x000000074c600000, 0x000000074c600000| Untracked 
|  64|0x000000074c800000, 0x000000074c800000, 0x000000074ca00000|  0%| F|  |TAMS 0x000000074c800000, 0x000000074c800000| Untracked 
|  65|0x000000074ca00000, 0x000000074ca00000, 0x000000074cc00000|  0%| F|  |TAMS 0x000000074ca00000, 0x000000074ca00000| Untracked 
|  66|0x000000074cc00000, 0x000000074cc00000, 0x000000074ce00000|  0%| F|  |TAMS 0x000000074cc00000, 0x000000074cc00000| Untracked 
|  67|0x000000074ce00000, 0x000000074ce00000, 0x000000074d000000|  0%| F|  |TAMS 0x000000074ce00000, 0x000000074ce00000| Untracked 
|  68|0x000000074d000000, 0x000000074d000000, 0x000000074d200000|  0%| F|  |TAMS 0x000000074d000000, 0x000000074d000000| Untracked 
|  69|0x000000074d200000, 0x000000074d200000, 0x000000074d400000|  0%| F|  |TAMS 0x000000074d200000, 0x000000074d200000| Untracked 
|  70|0x000000074d400000, 0x000000074d400000, 0x000000074d600000|  0%| F|  |TAMS 0x000000074d400000, 0x000000074d400000| Untracked 
|  71|0x000000074d600000, 0x000000074d600000, 0x000000074d800000|  0%| F|  |TAMS 0x000000074d600000, 0x000000074d600000| Untracked 
|  72|0x000000074d800000, 0x000000074d800000, 0x000000074da00000|  0%| F|  |TAMS 0x000000074d800000, 0x000000074d800000| Untracked 
|  73|0x000000074da00000, 0x000000074da00000, 0x000000074dc00000|  0%| F|  |TAMS 0x000000074da00000, 0x000000074da00000| Untracked 
|  74|0x000000074dc00000, 0x000000074dc00000, 0x000000074de00000|  0%| F|  |TAMS 0x000000074dc00000, 0x000000074dc00000| Untracked 
|  75|0x000000074de00000, 0x000000074de00000, 0x000000074e000000|  0%| F|  |TAMS 0x000000074de00000, 0x000000074de00000| Untracked 
|  76|0x000000074e000000, 0x000000074e000000, 0x000000074e200000|  0%| F|  |TAMS 0x000000074e000000, 0x000000074e000000| Untracked 
|  77|0x000000074e200000, 0x000000074e200000, 0x000000074e400000|  0%| F|  |TAMS 0x000000074e200000, 0x000000074e200000| Untracked 
|  78|0x000000074e400000, 0x000000074e400000, 0x000000074e600000|  0%| F|  |TAMS 0x000000074e400000, 0x000000074e400000| Untracked 
|  79|0x000000074e600000, 0x000000074e600000, 0x000000074e800000|  0%| F|  |TAMS 0x000000074e600000, 0x000000074e600000| Untracked 
|  80|0x000000074e800000, 0x000000074e800000, 0x000000074ea00000|  0%| F|  |TAMS 0x000000074e800000, 0x000000074e800000| Untracked 
|  81|0x000000074ea00000, 0x000000074ea00000, 0x000000074ec00000|  0%| F|  |TAMS 0x000000074ea00000, 0x000000074ea00000| Untracked 
|  82|0x000000074ec00000, 0x000000074ec00000, 0x000000074ee00000|  0%| F|  |TAMS 0x000000074ec00000, 0x000000074ec00000| Untracked 
|  83|0x000000074ee00000, 0x000000074ee00000, 0x000000074f000000|  0%| F|  |TAMS 0x000000074ee00000, 0x000000074ee00000| Untracked 
|  84|0x000000074f000000, 0x000000074f000000, 0x000000074f200000|  0%| F|  |TAMS 0x000000074f000000, 0x000000074f000000| Untracked 
|  85|0x000000074f200000, 0x000000074f2645b8, 0x000000074f400000| 19%| E|  |TAMS 0x000000074f200000, 0x000000074f200000| Complete 
|  86|0x000000074f400000, 0x000000074f600000, 0x000000074f600000|100%| E|CS|TAMS 0x000000074f400000, 0x000000074f400000| Complete 
|  87|0x000000074f600000, 0x000000074f800000, 0x000000074f800000|100%| E|CS|TAMS 0x000000074f600000, 0x000000074f600000| Complete 
|  88|0x000000074f800000, 0x000000074fa00000, 0x000000074fa00000|100%| E|CS|TAMS 0x000000074f800000, 0x000000074f800000| Complete 
|  89|0x000000074fa00000, 0x000000074fc00000, 0x000000074fc00000|100%| E|CS|TAMS 0x000000074fa00000, 0x000000074fa00000| Complete 
|  90|0x000000074fc00000, 0x000000074fcd5458, 0x000000074fe00000| 41%| S|CS|TAMS 0x000000074fc00000, 0x000000074fc00000| Complete 
|  91|0x000000074fe00000, 0x000000074ffff8a8, 0x0000000750000000| 99%| E|  |TAMS 0x000000074fe00000, 0x000000074fe00000| Complete 
|  92|0x0000000750000000, 0x0000000750200000, 0x0000000750200000|100%| E|CS|TAMS 0x0000000750000000, 0x0000000750000000| Complete 
|  93|0x0000000750200000, 0x0000000750400000, 0x0000000750400000|100%| E|CS|TAMS 0x0000000750200000, 0x0000000750200000| Complete 

Card table byte_map: [0x0000021cda4a0000,0x0000021cdaa80000] _byte_map_base: 0x0000021cd6a7c000

Marking Bits (Prev, Next): (CMBitMap*) 0x0000021cc11ac7b0, (CMBitMap*) 0x0000021cc11ac7f0
 Prev Bits: [0x0000021cdb060000, 0x0000021cddf40000)
 Next Bits: [0x0000021cddf40000, 0x0000021ce0e20000)

Polling page: 0x0000021cc1210000

Metaspace:

Usage:
  Non-class:      8.39 MB used.
      Class:      1.01 MB used.
       Both:      9.40 MB used.

Virtual space:
  Non-class space:       64.00 MB reserved,       8.50 MB ( 13%) committed,  1 nodes.
      Class space:        1.00 GB reserved,       1.12 MB ( <1%) committed,  1 nodes.
             Both:        1.06 GB reserved,       9.62 MB ( <1%) committed. 

Chunk freelists:
   Non-Class:  2.74 MB
       Class:  2.69 MB
        Both:  5.43 MB

MaxMetaspaceSize: unlimited
CompressedClassSpaceSize: 1.00 GB
Initial GC threshold: 21.00 MB
Current GC threshold: 21.00 MB
CDS: on
MetaspaceReclaimPolicy: balanced
 - commit_granule_bytes: 65536.
 - commit_granule_words: 8192.
 - virtual_space_node_default_size: 8388608.
 - enlarge_chunks_in_place: 1.
 - new_chunks_are_fully_committed: 0.
 - uncommit_free_chunks: 1.
 - use_allocation_guard: 0.


Internal statistics:

num_allocs_failed_limit: 0.
num_arena_births: 260.
num_arena_deaths: 0.
num_vsnodes_births: 2.
num_vsnodes_deaths: 0.
num_space_committed: 154.
num_space_uncommitted: 0.
num_chunks_returned_to_freelist: 0.
num_chunks_taken_from_freelist: 456.
num_chunk_merges: 0.
num_chunk_splits: 249.
num_chunks_enlarged: 125.
num_inconsistent_stats: 0.

CodeHeap 'non-profiled nmethods': size=120000Kb used=538Kb max_used=538Kb free=119461Kb
 bounds [0x0000021cd2370000, 0x0000021cd25e0000, 0x0000021cd98a0000]
CodeHeap 'profiled nmethods': size=120000Kb used=3228Kb max_used=3228Kb free=116772Kb
 bounds [0x0000021cca8a0000, 0x0000021ccabd0000, 0x0000021cd1dd0000]
CodeHeap 'non-nmethods': size=5760Kb used=1336Kb max_used=1349Kb free=4423Kb
 bounds [0x0000021cd1dd0000, 0x0000021cd2040000, 0x0000021cd2370000]
 total_blobs=2165 nmethods=1678 adapters=397
 compilation: enabled
              stopped_count=0, restarted_count=0
 full_count=0

Compilation events (20 events):
Event: 4.578 Thread 0x0000021ce3465ad0 nmethod 1575 0x0000021ccab91d90 code [0x0000021ccab91fa0, 0x0000021ccab92698]
Event: 4.578 Thread 0x0000021ce3465ad0 1576       3       jdk.internal.org.objectweb.asm.Label::getCanonicalInstance (19 bytes)
Event: 4.578 Thread 0x0000021ce3465ad0 nmethod 1576 0x0000021ccab92890 code [0x0000021ccab92a20, 0x0000021ccab92b98]
Event: 4.580 Thread 0x0000021ce3465ad0 1578   !   3       java.lang.ClassLoader::addClass (27 bytes)
Event: 4.580 Thread 0x0000021ce3465ad0 nmethod 1578 0x0000021ccab92c90 code [0x0000021ccab92e80, 0x0000021ccab93548]
Event: 4.581 Thread 0x0000021ce3439690 1577       4       jdk.internal.org.objectweb.asm.SymbolTable::addConstantUtf8 (98 bytes)
Event: 4.586 Thread 0x0000021ce3465ad0 1579       3       jdk.internal.org.objectweb.asm.ClassReader::<init> (371 bytes)
Event: 4.588 Thread 0x0000021ce3465ad0 nmethod 1579 0x0000021ccab93910 code [0x0000021ccab93c00, 0x0000021ccab94fa8]
Event: 4.597 Thread 0x0000021ce3465ad0 1580       3       java.util.concurrent.atomic.AtomicInteger::<init> (5 bytes)
Event: 4.597 Thread 0x0000021ce3465ad0 nmethod 1580 0x0000021ccab95590 code [0x0000021ccab95740, 0x0000021ccab958f8]
Event: 4.597 Thread 0x0000021ce3465ad0 1581       3       org.springframework.util.ConcurrentReferenceHashMap$Segment::createReferenceArray (5 bytes)
Event: 4.597 Thread 0x0000021ce3465ad0 nmethod 1581 0x0000021ccab95a10 code [0x0000021ccab95ba0, 0x0000021ccab95d58]
Event: 4.597 Thread 0x0000021ce3465ad0 1582       3       org.springframework.util.ConcurrentReferenceHashMap$Segment::<init> (48 bytes)
Event: 4.598 Thread 0x0000021ce3465ad0 nmethod 1582 0x0000021ccab95e10 code [0x0000021ccab96060, 0x0000021ccab96c28]
Event: 4.599 Thread 0x0000021ce3465ad0 1583       3       java.lang.invoke.MethodHandle::asTypeCached (52 bytes)
Event: 4.599 Thread 0x0000021ce3465ad0 nmethod 1583 0x0000021ccab97010 code [0x0000021ccab971e0, 0x0000021ccab97668]
Event: 4.600 Thread 0x0000021ce3465ad0 1585       3       jdk.internal.reflect.AccessorGenerator::sub (5 bytes)
Event: 4.600 Thread 0x0000021ce3465ad0 nmethod 1585 0x0000021ccab97810 code [0x0000021ccab979a0, 0x0000021ccab97a98]
Event: 4.600 Thread 0x0000021ce3465ad0 1586       3       jdk.internal.reflect.ClassFileAssembler::setStack (25 bytes)
Event: 4.600 Thread 0x0000021ce3465ad0 nmethod 1586 0x0000021ccab97b10 code [0x0000021ccab97ca0, 0x0000021ccab97df8]

GC Heap History (4 events):
Event: 2.932 GC heap before
{Heap before GC invocations=0 (full 0):
 garbage-first heap   total 192512K, used 12288K [0x0000000744800000, 0x0000000800000000)
  region size 2048K, 6 young (12288K), 0 survivors (0K)
 Metaspace       used 4025K, committed 4224K, reserved 1114112K
  class space    used 378K, committed 448K, reserved 1048576K
}
Event: 2.942 GC heap after
{Heap after GC invocations=1 (full 0):
 garbage-first heap   total 192512K, used 6135K [0x0000000744800000, 0x0000000800000000)
  region size 2048K, 1 young (2048K), 1 survivors (2048K)
 Metaspace       used 4025K, committed 4224K, reserved 1114112K
  class space    used 378K, committed 448K, reserved 1048576K
}
Event: 3.310 GC heap before
{Heap before GC invocations=1 (full 0):
 garbage-first heap   total 192512K, used 12279K [0x0000000744800000, 0x0000000800000000)
  region size 2048K, 4 young (8192K), 1 survivors (2048K)
 Metaspace       used 6501K, committed 6656K, reserved 1114112K
  class space    used 648K, committed 704K, reserved 1048576K
}
Event: 3.315 GC heap after
{Heap after GC invocations=2 (full 0):
 garbage-first heap   total 192512K, used 6992K [0x0000000744800000, 0x0000000800000000)
  region size 2048K, 1 young (2048K), 1 survivors (2048K)
 Metaspace       used 6501K, committed 6656K, reserved 1114112K
  class space    used 648K, committed 704K, reserved 1048576K
}

Dll operation events (9 events):
Event: 0.229 Loaded shared library C:\Java\jdk-19.0.1\bin\java.dll
Event: 0.430 Loaded shared library C:\Java\jdk-19.0.1\bin\jsvml.dll
Event: 1.897 Loaded shared library C:\Java\jdk-19.0.1\bin\net.dll
Event: 1.935 Loaded shared library C:\Java\jdk-19.0.1\bin\nio.dll
Event: 1.996 Loaded shared library C:\Java\jdk-19.0.1\bin\zip.dll
Event: 2.491 Loaded shared library C:\Java\jdk-19.0.1\bin\jimage.dll
Event: 2.733 Loaded shared library C:\Java\jdk-19.0.1\bin\management.dll
Event: 2.809 Loaded shared library C:\Java\jdk-19.0.1\bin\management_ext.dll
Event: 3.475 Loaded shared library C:\Java\jdk-19.0.1\bin\extnet.dll

Deoptimization events (20 events):
Event: 4.567 Thread 0x0000021ce8837130 DEOPT PACKING pc=0x0000021ccaaebcdc sp=0x00000031c49fcd40
Event: 4.567 Thread 0x0000021ce8837130 DEOPT UNPACKING pc=0x0000021cd1e37543 sp=0x00000031c49fc1e8 mode 1
Event: 4.567 Thread 0x0000021ce8837130 DEOPT PACKING pc=0x0000021ccaa6e5e4 sp=0x00000031c49fd6c0
Event: 4.567 Thread 0x0000021ce8837130 DEOPT UNPACKING pc=0x0000021cd1e37543 sp=0x00000031c49fcb88 mode 1
Event: 4.567 Thread 0x0000021ce8837130 DEOPT PACKING pc=0x0000021ccaa6e0dc sp=0x00000031c49fd750
Event: 4.567 Thread 0x0000021ce8837130 DEOPT UNPACKING pc=0x0000021cd1e37543 sp=0x00000031c49fcc28 mode 1
Event: 4.568 Thread 0x0000021ce8837130 DEOPT PACKING pc=0x0000021ccaaef1e1 sp=0x00000031c49fccd0
Event: 4.568 Thread 0x0000021ce8837130 DEOPT UNPACKING pc=0x0000021cd1e37543 sp=0x00000031c49fc128 mode 1
Event: 4.568 Thread 0x0000021ce8837130 DEOPT PACKING pc=0x0000021ccaaebcdc sp=0x00000031c49fcd60
Event: 4.568 Thread 0x0000021ce8837130 DEOPT UNPACKING pc=0x0000021cd1e37543 sp=0x00000031c49fc208 mode 1
Event: 4.568 Thread 0x0000021ce8837130 DEOPT PACKING pc=0x0000021ccaa6e5e4 sp=0x00000031c49fd6e0
Event: 4.568 Thread 0x0000021ce8837130 DEOPT UNPACKING pc=0x0000021cd1e37543 sp=0x00000031c49fcba8 mode 1
Event: 4.568 Thread 0x0000021ce8837130 DEOPT PACKING pc=0x0000021ccaa6e0dc sp=0x00000031c49fd770
Event: 4.568 Thread 0x0000021ce8837130 DEOPT UNPACKING pc=0x0000021cd1e37543 sp=0x00000031c49fcc48 mode 1
Event: 4.568 Thread 0x0000021ce8837130 DEOPT PACKING pc=0x0000021ccaaebcdc sp=0x00000031c49fd8c0
Event: 4.568 Thread 0x0000021ce8837130 DEOPT UNPACKING pc=0x0000021cd1e37543 sp=0x00000031c49fcd68 mode 1
Event: 4.568 Thread 0x0000021ce8837130 DEOPT PACKING pc=0x0000021ccaa6e5e4 sp=0x00000031c49fe240
Event: 4.568 Thread 0x0000021ce8837130 DEOPT UNPACKING pc=0x0000021cd1e37543 sp=0x00000031c49fd708 mode 1
Event: 4.568 Thread 0x0000021ce8837130 DEOPT PACKING pc=0x0000021ccaa6e0dc sp=0x00000031c49fe2d0
Event: 4.568 Thread 0x0000021ce8837130 DEOPT UNPACKING pc=0x0000021cd1e37543 sp=0x00000031c49fd7a8 mode 1

Classes loaded (20 events):
Event: 4.525 Loading class javax/management/MBeanRegistrationException
Event: 4.526 Loading class javax/management/MBeanRegistrationException done
Event: 4.526 Loading class javax/management/NotCompliantMBeanException
Event: 4.526 Loading class javax/management/NotCompliantMBeanException done
Event: 4.526 Loading class javax/management/IntrospectionException
Event: 4.526 Loading class javax/management/IntrospectionException done
Event: 4.526 Loading class javax/management/remote/NotificationResult
Event: 4.526 Loading class javax/management/remote/NotificationResult done
Event: 4.527 Loading class javax/management/remote/rmi/RMIConnectionImpl_Skel
Event: 4.527 Loading class javax/management/remote/rmi/RMIConnectionImpl_Skel done
Event: 4.529 Loading class javax/management/remote/JMXConnectionNotification
Event: 4.529 Loading class javax/management/remote/JMXConnectionNotification done
Event: 4.531 Loading class sun/rmi/transport/DGCAckHandler
Event: 4.532 Loading class sun/rmi/transport/DGCAckHandler done
Event: 4.534 Loading class sun/rmi/transport/DGCAckHandler$1
Event: 4.534 Loading class sun/rmi/transport/DGCAckHandler$1 done
Event: 4.562 Loading class java/io/UnsupportedEncodingException
Event: 4.562 Loading class java/io/UnsupportedEncodingException done
Event: 4.562 Loading class java/nio/charset/CharacterCodingException
Event: 4.562 Loading class java/nio/charset/CharacterCodingException done

Classes unloaded (0 events):
No events

Classes redefined (0 events):
No events

Internal exceptions (20 events):
Event: 2.826 Thread 0x0000021ce342af80 Exception <a 'java/lang/NoSuchMethodError'{0x000000074f8d34d8}: 'void java.lang.invoke.DirectMethodHandle$Holder.invokeStatic(java.lang.Object, java.lang.Object)'> (0x000000074f8d34d8) 
thrown [s\open\src\hotspot\share\interpreter\linkResolver.cpp, line 774]
Event: 2.946 Thread 0x0000021ce342af80 Exception <a 'java/lang/NoSuchMethodError'{0x0000000750246010}: 'int java.lang.invoke.DirectMethodHandle$Holder.invokeSpecial(java.lang.Object, java.lang.Object, java.lang.Object)'> (0x0000000750246010) 
thrown [s\open\src\hotspot\share\interpreter\linkResolver.cpp, line 774]
Event: 3.017 Thread 0x0000021ce342af80 Exception <a 'java/lang/NoSuchMethodError'{0x00000007503515c0}: 'java.lang.Object java.lang.invoke.DirectMethodHandle$Holder.invokeStaticInit(java.lang.Object, java.lang.Object, java.lang.Object)'> (0x00000007503515c0) 
thrown [s\open\src\hotspot\share\interpreter\linkResolver.cpp, line 774]
Event: 3.125 Thread 0x0000021ce342af80 Exception <a 'java/lang/NoSuchMethodError'{0x000000074fe637d8}: 'void java.lang.invoke.DirectMethodHandle$Holder.invokeStatic(java.lang.Object, java.lang.Object, java.lang.Object)'> (0x000000074fe637d8) 
thrown [s\open\src\hotspot\share\interpreter\linkResolver.cpp, line 774]
Event: 3.209 Thread 0x0000021ce342af80 Exception <a 'java/lang/NoSuchMethodError'{0x000000074ff3bfa8}: 'java.lang.Object java.lang.invoke.DirectMethodHandle$Holder.invokeStaticInit(java.lang.Object, int, int, int, int)'> (0x000000074ff3bfa8) 
thrown [s\open\src\hotspot\share\interpreter\linkResolver.cpp, line 774]
Event: 3.276 Thread 0x0000021cc1148300 Exception <a 'java/lang/NoSuchMethodError'{0x000000074ffa4670}: 'void java.lang.invoke.DirectMethodHandle$Holder.invokeStatic(java.lang.Object, java.lang.Object, java.lang.Object, java.lang.Object)'> (0x000000074ffa4670) 
thrown [s\open\src\hotspot\share\interpreter\linkResolver.cpp, line 774]
Event: 3.402 Thread 0x0000021cc1148300 Exception <a 'java/lang/NoSuchMethodError'{0x00000007502edf48}: 'int java.lang.invoke.DirectMethodHandle$Holder.invokeStaticInit(java.lang.Object, java.lang.Object)'> (0x00000007502edf48) 
thrown [s\open\src\hotspot\share\interpreter\linkResolver.cpp, line 774]
Event: 3.413 Thread 0x0000021ce342af80 Exception <a 'java/lang/NoSuchMethodError'{0x000000075033c528}: 'java.lang.Object java.lang.invoke.DirectMethodHandle$Holder.invokeStaticInit(java.lang.Object, java.lang.Object, int, int, int, int)'> (0x000000075033c528) 
thrown [s\open\src\hotspot\share\interpreter\linkResolver.cpp, line 774]
Event: 3.434 Thread 0x0000021ce342af80 Exception <a 'java/lang/ClassNotFoundException'{0x0000000750359890}: javax/management/remote/rmi/RMIServerImpl_Skel> (0x0000000750359890) 
thrown [s\open\src\hotspot\share\classfile\systemDictionary.cpp, line 255]
Event: 3.454 Thread 0x0000021cc1148300 Exception <a 'java/lang/NoSuchMethodError'{0x00000007503a76c8}: 'void java.lang.invoke.DirectMethodHandle$Holder.invokeInterface(java.lang.Object, java.lang.Object, java.lang.Object, java.lang.Object)'> (0x00000007503a76c8) 
thrown [s\open\src\hotspot\share\interpreter\linkResolver.cpp, line 774]
Event: 3.491 Thread 0x0000021ce342af80 Exception <a 'java/lang/NoSuchMethodError'{0x0000000750004c88}: 'long java.lang.invoke.DirectMethodHandle$Holder.invokeSpecial(java.lang.Object, java.lang.Object)'> (0x0000000750004c88) 
thrown [s\open\src\hotspot\share\interpreter\linkResolver.cpp, line 774]
Event: 3.491 Thread 0x0000021ce342af80 Exception <a 'java/lang/NoSuchMethodError'{0x00000007500085e0}: 'long java.lang.invoke.Invokers$Holder.invokeExact_MT(java.lang.Object, java.lang.Object)'> (0x00000007500085e0) 
thrown [s\open\src\hotspot\share\interpreter\linkResolver.cpp, line 774]
Event: 3.505 Thread 0x0000021ce342af80 Exception <a 'java/lang/NoSuchMethodError'{0x0000000750062e78}: 'void java.lang.invoke.DirectMethodHandle$Holder.invokeSpecial(java.lang.Object, java.lang.Object, java.lang.Object)'> (0x0000000750062e78) 
thrown [s\open\src\hotspot\share\interpreter\linkResolver.cpp, line 774]
Event: 3.784 Thread 0x0000021cc1148300 Exception <a 'java/lang/NoSuchMethodError'{0x000000075019d5b0}: 'java.lang.Object java.lang.invoke.DirectMethodHandle$Holder.invokeInterface(java.lang.Object, java.lang.Object)'> (0x000000075019d5b0) 
thrown [s\open\src\hotspot\share\interpreter\linkResolver.cpp, line 774]
Event: 3.886 Thread 0x0000021cc1148300 Exception <a 'java/lang/NoSuchMethodError'{0x00000007501ddf38}: 'java.lang.Object java.lang.invoke.DirectMethodHandle$Holder.invokeSpecialIFC(java.lang.Object, java.lang.Object, java.lang.Object, java.lang.Object)'> (0x00000007501ddf38) 
thrown [s\open\src\hotspot\share\interpreter\linkResolver.cpp, line 774]
Event: 3.916 Thread 0x0000021cc1148300 Exception <a 'java/lang/NoSuchMethodError'{0x00000007501fbe48}: 'java.lang.Object java.lang.invoke.DirectMethodHandle$Holder.invokeInterface(java.lang.Object, java.lang.Object, java.lang.Object)'> (0x00000007501fbe48) 
thrown [s\open\src\hotspot\share\interpreter\linkResolver.cpp, line 774]
Event: 4.494 Thread 0x0000021ce85c4ef0 Exception <a 'java/lang/NoSuchMethodError'{0x000000074f93ddf0}: static [B.<clinit>()V> (0x000000074f93ddf0) 
thrown [s\open\src\hotspot\share\prims\jni.cpp, line 1107]
Event: 4.527 Thread 0x0000021ce85c4ef0 Exception <a 'java/lang/ClassNotFoundException'{0x000000074f9a5048}: javax/management/remote/rmi/RMIConnectionImpl_Skel> (0x000000074f9a5048) 
thrown [s\open\src\hotspot\share\classfile\systemDictionary.cpp, line 255]
Event: 4.584 Thread 0x0000021ce8837130 Exception <a 'java/lang/NoSuchMethodError'{0x000000074f683250}: 'int java.lang.invoke.DirectMethodHandle$Holder.invokeStaticInit(java.lang.Object, java.lang.Object, java.lang.Object)'> (0x000000074f683250) 
thrown [s\open\src\hotspot\share\interpreter\linkResolver.cpp, line 774]
Event: 4.599 Thread 0x0000021ce8837130 Exception <a 'java/lang/NoSuchMethodError'{0x000000074f6ac358}: 'java.lang.Object java.lang.invoke.DirectMethodHandle$Holder.invokeVirtual(java.lang.Object, java.lang.Object, java.lang.Object)'> (0x000000074f6ac358) 
thrown [s\open\src\hotspot\share\interpreter\linkResolver.cpp, line 774]

VM Operations (20 events):
Event: 2.695 Executing VM operation: HandshakeAllThreads
Event: 2.695 Executing VM operation: HandshakeAllThreads done
Event: 2.752 Executing VM operation: HandshakeAllThreads
Event: 2.752 Executing VM operation: HandshakeAllThreads done
Event: 2.752 Executing VM operation: HandshakeAllThreads
Event: 2.752 Executing VM operation: HandshakeAllThreads done
Event: 2.835 Executing VM operation: HandshakeAllThreads
Event: 2.847 Executing VM operation: HandshakeAllThreads done
Event: 2.932 Executing VM operation: G1CollectForAllocation
Event: 2.944 Executing VM operation: G1CollectForAllocation done
Event: 2.945 Executing VM operation: HandshakeAllThreads
Event: 2.945 Executing VM operation: HandshakeAllThreads done
Event: 3.182 Executing VM operation: HandshakeAllThreads
Event: 3.184 Executing VM operation: HandshakeAllThreads done
Event: 3.310 Executing VM operation: G1CollectForAllocation
Event: 3.315 Executing VM operation: G1CollectForAllocation done
Event: 4.317 Executing VM operation: Cleanup
Event: 4.320 Executing VM operation: Cleanup done
Event: 4.518 Executing VM operation: HandshakeAllThreads
Event: 4.525 Executing VM operation: HandshakeAllThreads done

Events (20 events):
Event: 0.529 Thread 0x0000021ce3422080 Thread added: 0x0000021ce3422080
Event: 0.529 Thread 0x0000021ce3422e70 Thread added: 0x0000021ce3422e70
Event: 0.531 Thread 0x0000021ce342a450 Thread added: 0x0000021ce342a450
Event: 0.531 Thread 0x0000021ce342af80 Thread added: 0x0000021ce342af80
Event: 0.531 Thread 0x0000021ce342e060 Thread added: 0x0000021ce342e060
Event: 0.531 Thread 0x0000021ce342f130 Thread added: 0x0000021ce342f130
Event: 0.531 Thread 0x0000021ce3439690 Thread added: 0x0000021ce3439690
Event: 0.536 Thread 0x0000021ce3465ad0 Thread added: 0x0000021ce3465ad0
Event: 0.536 Thread 0x0000021ce3472800 Thread added: 0x0000021ce3472800
Event: 0.892 Thread 0x0000021ce78ea090 Thread added: 0x0000021ce78ea090
Event: 0.892 Thread 0x0000021ce78ecc20 Thread added: 0x0000021ce78ecc20
Event: 0.915 Thread 0x0000021ce78f7110 Thread added: 0x0000021ce78f7110
Event: 1.777 Thread 0x0000021ce78fa5c0 Thread added: 0x0000021ce78fa5c0
Event: 1.807 Thread 0x0000021ce78faf60 Thread added: 0x0000021ce78faf60
Event: 3.480 Thread 0x0000021ce851b040 Thread added: 0x0000021ce851b040
Event: 4.406 Thread 0x0000021ce85c4ef0 Thread added: 0x0000021ce85c4ef0
Event: 4.435 Thread 0x0000021ce88365e0 Thread added: 0x0000021ce88365e0
Event: 4.449 Thread 0x0000021ce8837130 Thread added: 0x0000021ce8837130
Event: 4.492 Thread 0x0000021ce83e2450 Thread added: 0x0000021ce83e2450
Event: 4.515 Thread 0x0000021ce83e2ea0 Thread added: 0x0000021ce83e2ea0


Dynamic libraries:
0x00007ff792570000 - 0x00007ff79257e000 	C:\Java\jdk-19.0.1\bin\java.exe
0x00007ffeff450000 - 0x00007ffeff648000 	C:\Windows\SYSTEM32\ntdll.dll
0x00007ffeff350000 - 0x00007ffeff40f000 	C:\Windows\System32\KERNEL32.DLL
0x00007ffefcc10000 - 0x00007ffefcf06000 	C:\Windows\System32\KERNELBASE.dll
0x00007ffefd340000 - 0x00007ffefd440000 	C:\Windows\System32\ucrtbase.dll
0x00007ffee62d0000 - 0x00007ffee62eb000 	C:\Java\jdk-19.0.1\bin\VCRUNTIME140.dll
0x00007ffee62b0000 - 0x00007ffee62c7000 	C:\Java\jdk-19.0.1\bin\jli.dll
0x00007ffefe070000 - 0x00007ffefe20d000 	C:\Windows\System32\USER32.dll
0x00007ffefcf10000 - 0x00007ffefcf32000 	C:\Windows\System32\win32u.dll
0x00007ffefe330000 - 0x00007ffefe35c000 	C:\Windows\System32\GDI32.dll
0x00007ffefd0c0000 - 0x00007ffefd1d5000 	C:\Windows\System32\gdi32full.dll
0x00007ffefcf70000 - 0x00007ffefd00d000 	C:\Windows\System32\msvcp_win.dll
0x00007ffee8430000 - 0x00007ffee86ca000 	C:\Windows\WinSxS\amd64_microsoft.windows.common-controls_6595b64144ccf1df_6.0.19041.1110_none_60b5254171f9507e\COMCTL32.dll
0x00007ffefd880000 - 0x00007ffefd91e000 	C:\Windows\System32\msvcrt.dll
0x00007ffefeda0000 - 0x00007ffefedd0000 	C:\Windows\System32\IMM32.DLL
0x00007ffee61b0000 - 0x00007ffee61bc000 	C:\Java\jdk-19.0.1\bin\vcruntime140_1.dll
0x00007ffed94a0000 - 0x00007ffed952e000 	C:\Java\jdk-19.0.1\bin\msvcp140.dll
0x00007ffe90ba0000 - 0x00007ffe91860000 	C:\Java\jdk-19.0.1\bin\server\jvm.dll
0x00007ffeff070000 - 0x00007ffeff11f000 	C:\Windows\System32\ADVAPI32.dll
0x00007ffefefc0000 - 0x00007ffeff05c000 	C:\Windows\System32\sechost.dll
0x00007ffefe420000 - 0x00007ffefe546000 	C:\Windows\System32\RPCRT4.dll
0x00007ffede950000 - 0x00007ffede959000 	C:\Windows\SYSTEM32\WSOCK32.dll
0x00007ffeff280000 - 0x00007ffeff2eb000 	C:\Windows\System32\WS2_32.dll
0x00007ffedd3b0000 - 0x00007ffedd3d7000 	C:\Windows\SYSTEM32\WINMM.dll
0x00007ffeed2b0000 - 0x00007ffeed2ba000 	C:\Windows\SYSTEM32\VERSION.dll
0x00007ffefa9e0000 - 0x00007ffefa9f2000 	C:\Windows\SYSTEM32\kernel.appcore.dll
0x00007ffee61a0000 - 0x00007ffee61aa000 	C:\Java\jdk-19.0.1\bin\jimage.dll
0x00007ffeeac70000 - 0x00007ffeeae54000 	C:\Windows\SYSTEM32\DBGHELP.DLL
0x00007ffeec6a0000 - 0x00007ffeec6d4000 	C:\Windows\SYSTEM32\dbgcore.DLL
0x00007ffefcb30000 - 0x00007ffefcbb2000 	C:\Windows\System32\bcryptPrimitives.dll
0x00007ffee3420000 - 0x00007ffee345c000 	C:\Java\jdk-19.0.1\bin\jdwp.dll
0x00007ffee58c0000 - 0x00007ffee58e6000 	C:\Java\jdk-19.0.1\bin\java.dll
0x00007ffed3ea0000 - 0x00007ffed3f77000 	C:\Java\jdk-19.0.1\bin\jsvml.dll
0x00007ffefd920000 - 0x00007ffefe064000 	C:\Windows\System32\SHELL32.dll
0x00007ffefabe0000 - 0x00007ffefb373000 	C:\Windows\SYSTEM32\windows.storage.dll
0x00007ffefea40000 - 0x00007ffefed94000 	C:\Windows\System32\combase.dll
0x00007ffefc580000 - 0x00007ffefc5ae000 	C:\Windows\SYSTEM32\Wldp.dll
0x00007ffefe370000 - 0x00007ffefe41d000 	C:\Windows\System32\SHCORE.dll
0x00007ffefee30000 - 0x00007ffefee85000 	C:\Windows\System32\shlwapi.dll
0x00007ffefca70000 - 0x00007ffefca8f000 	C:\Windows\SYSTEM32\profapi.dll
0x00007ffee6190000 - 0x00007ffee619c000 	C:\Java\jdk-19.0.1\bin\dt_socket.dll
0x00007ffefbf80000 - 0x00007ffefbfbc000 	C:\Windows\SYSTEM32\IPHLPAPI.DLL
0x00007ffefc2e0000 - 0x00007ffefc34a000 	C:\Windows\system32\mswsock.dll
0x00007ffefbfd0000 - 0x00007ffefc09a000 	C:\Windows\SYSTEM32\DNSAPI.dll
0x00007ffefd7e0000 - 0x00007ffefd7e8000 	C:\Windows\System32\NSI.dll
0x00007ffef1140000 - 0x00007ffef114a000 	C:\Windows\System32\rasadhlp.dll
0x00007ffeef0a0000 - 0x00007ffeef122000 	C:\Windows\System32\fwpuclnt.dll
0x00007ffefcf40000 - 0x00007ffefcf67000 	C:\Windows\System32\bcrypt.dll
0x00007ffee3ec0000 - 0x00007ffee3ed3000 	C:\Java\jdk-19.0.1\bin\net.dll
0x00007ffef43a0000 - 0x00007ffef44aa000 	C:\Windows\SYSTEM32\WINHTTP.dll
0x00007ffee3900000 - 0x00007ffee3916000 	C:\Java\jdk-19.0.1\bin\nio.dll
0x00007ffee33b0000 - 0x00007ffee33c8000 	C:\Java\jdk-19.0.1\bin\zip.dll
0x00007ffee38f0000 - 0x00007ffee38fa000 	C:\Java\jdk-19.0.1\bin\management.dll
0x00007ffee33a0000 - 0x00007ffee33ab000 	C:\Java\jdk-19.0.1\bin\management_ext.dll
0x00007ffeff060000 - 0x00007ffeff068000 	C:\Windows\System32\PSAPI.DLL
0x00007ffefc4d0000 - 0x00007ffefc4e8000 	C:\Windows\SYSTEM32\CRYPTSP.dll
0x00007ffefbb90000 - 0x00007ffefbbc4000 	C:\Windows\system32\rsaenh.dll
0x00007ffefca30000 - 0x00007ffefca5e000 	C:\Windows\SYSTEM32\USERENV.dll
0x00007ffefc4f0000 - 0x00007ffefc4fc000 	C:\Windows\SYSTEM32\CRYPTBASE.dll
0x00007ffef5500000 - 0x00007ffef5517000 	C:\Windows\SYSTEM32\dhcpcsvc6.DLL
0x00007ffef54e0000 - 0x00007ffef54fd000 	C:\Windows\SYSTEM32\dhcpcsvc.DLL
0x00007ffee31e0000 - 0x00007ffee31e8000 	C:\Java\jdk-19.0.1\bin\extnet.dll

dbghelp: loaded successfully - version: 4.0.5 - missing functions: none
symbol engine: initialized successfully - sym options: 0x614 - pdb path: .;C:\Java\jdk-19.0.1\bin;C:\Windows\SYSTEM32;C:\Windows\WinSxS\amd64_microsoft.windows.common-controls_6595b64144ccf1df_6.0.19041.1110_none_60b5254171f9507e;C:\Java\jdk-19.0.1\bin\server

VM Arguments:
jvm_args: -agentlib:jdwp=transport=dt_socket,server=n,suspend=y,address=localhost:50162 -XX:+ShowCodeDetailsInExceptionMessages -Dspring.jmx.enabled=true -Dmanagement.endpoints.jmx.exposure.include=* -Dspring.application.admin.enabled=true -Dspring.boot.project.name=backend-calidad -Djava.rmi.server.hostname=localhost 
java_command: com.generacc.backend.calidad.backendcalidad.BackendCalidadApplication
java_class_path (initial): C:\Proyectos\Proyecto-web\WEB-BACKEND\target\classes;C:\Users\Genera Callcenter\.m2\repository\org\springframework\boot\spring-boot-starter-actuator\3.1.0\spring-boot-starter-actuator-3.1.0.jar;C:\Users\Genera Callcenter\.m2\repository\org\springframework\boot\spring-boot-starter\3.1.0\spring-boot-starter-3.1.0.jar;C:\Users\Genera Callcenter\.m2\repository\org\springframework\boot\spring-boot-starter-logging\3.1.0\spring-boot-starter-logging-3.1.0.jar;C:\Users\Genera Callcenter\.m2\repository\ch\qos\logback\logback-classic\1.4.7\logback-classic-1.4.7.jar;C:\Users\Genera Callcenter\.m2\repository\ch\qos\logback\logback-core\1.4.7\logback-core-1.4.7.jar;C:\Users\Genera Callcenter\.m2\repository\org\apache\logging\log4j\log4j-to-slf4j\2.20.0\log4j-to-slf4j-2.20.0.jar;C:\Users\Genera Callcenter\.m2\repository\org\apache\logging\log4j\log4j-api\2.20.0\log4j-api-2.20.0.jar;C:\Users\Genera Callcenter\.m2\repository\org\slf4j\jul-to-slf4j\2.0.7\jul-to-slf4j-2.0.7.jar;C:\Users\Genera Callcenter\.m2\repository\jakarta\annotation\jakarta.annotation-api\2.1.1\jakarta.annotation-api-2.1.1.jar;C:\Users\Genera Callcenter\.m2\repository\org\yaml\snakeyaml\1.33\snakeyaml-1.33.jar;C:\Users\Genera Callcenter\.m2\repository\org\springframework\boot\spring-boot-actuator-autoconfigure\3.1.0\spring-boot-actuator-autoconfigure-3.1.0.jar;C:\Users\Genera Callcenter\.m2\repository\org\springframework\boot\spring-boot-actuator\3.1.0\spring-boot-actuator-3.1.0.jar;C:\Users\Genera Callcenter\.m2\repository\com\fasterxml\jackson\datatype\jackson-datatype-jsr310\2.15.0\jackson-datatype-jsr310-2.15.0.jar;C:\Users\Genera Callcenter\.m2\repository\io\micrometer\micrometer-observation\1.11.0\micrometer-observation-1.11.0.jar;C:\Users\Genera Callcenter\.m2\repository\io\micrometer\micrometer-commons\1.11.0\micrometer-commons-1.11.0.jar;C:\Users\Genera Callcenter\.m2\repository\io\micrometer\micrometer-core\1.11.0\micrometer-core-1.11.0.jar;C:\Users\Genera Callcenter\.m2\repository\org\hdrhistogram\HdrHistogram\2.1.12\HdrHistogram-2.1.12.jar;C:\Users\Genera Callcenter\.m2\repository\org\latencyutils\LatencyUtils\2.0.3\LatencyUtils-2.0.3.jar;C:\Users\Genera Callcenter\.m2\repository\org\springframework\boot\spring-boot-starter-data-jpa\3.1.0\spring-boot-starter-data-jpa-3.1.0.jar;C:\Users\Genera Callcenter\.m2\repository\org\springframework\boot\spring-boot-starter-aop\3.1.0\spring-boot-starter-aop-3.1.0.jar;C:\Users\Genera Callcenter\.m2\repository\org\aspectj\aspectjweaver\1.9.19\aspectjweaver-1.9.19.jar;C:\Users\Genera Callcenter\.m2\repository\org\springframework\boot\spring-boot-starter-jdbc\3.1.0\spring-boot-starter-jdbc-3.1.0.jar;C:\Users\Genera Callcenter\.m2\repository\com\zaxxer\HikariCP\5.0.1\HikariCP-5.0.1.jar;C:\Users\Genera Callcenter\.m2\repository\org\springframework\spring-jdbc\6.0.9\spring-jdbc-6.0.9.jar;C:\Users\Genera Callcenter\.m2\repository\org\hibernate\orm\hibernate-core\6.2.2.Final\hibernate-core-6.2.2.Final.jar;C:\Users\Genera Callcenter\.m2\repository\jakarta\persistence\jakarta.persistence-api\3.1.0\jakarta.persistence-api-3.1.0.jar;C:\Users\Genera Callcenter\.m2\repository\jakarta\transaction\jakarta.transaction-api\2.0.1\jakarta.transaction-api-2.0.1.jar;C:\Users\Genera Callcenter\.m2\repository\org\jboss\logging\jboss-logging\3.5.0.Final\jboss-logging-3.5.0.Final.jar;C:\Users\Genera Callcenter\.m2\repository\org\hibernate\common\hibernate-commons-annotations\6.0.6.Final\hibernate-commons-annotations-6.0.6.Final.jar;C:\Users\Genera Callcenter\.m2\repository\io\smallrye\jandex\3.0.5\jandex-3.0.5.jar;C:\Users\Genera Callcenter\.m2\repository\com\fasterxml\classmate\1.5.1\classmate-1.5.1.jar;C:\Users\Genera Callcenter\.m2\repository\net\bytebuddy\byte-buddy\1.14.4\byte-buddy-1.14.4.jar;C:\Users\Genera Callcenter\.m2\repository\org\glassfish\jaxb\jaxb-runtime\4.0.2\jaxb-runtime-4.0.2.jar;C:\Users\Genera Callcenter\.m2\repository\org\glassfish\jaxb\jaxb-core\4.0.2\jaxb-core-4.0.2.jar;C:\Users\Genera Callcenter\.m2\repository\org\eclipse\angus\angus-activation\2.0.0\angus-activation-2.0.0.jar;C:\Users\Genera Callcenter\.m2\repository\org\glassfish\jaxb\txw2\4.0.2\txw2-4.0.2.jar;C:\Users\Genera Callcenter\.m2\repository\com\sun\istack\istack-commons-runtime\4.1.1\istack-commons-runtime-4.1.1.jar;C:\Users\Genera Callcenter\.m2\repository\jakarta\inject\jakarta.inject-api\2.0.1\jakarta.inject-api-2.0.1.jar;C:\Users\Genera Callcenter\.m2\repository\org\antlr\antlr4-runtime\4.10.1\antlr4-runtime-4.10.1.jar;C:\Users\Genera Callcenter\.m2\repository\org\springframework\data\spring-data-jpa\3.1.0\spring-data-jpa-3.1.0.jar;C:\Users\Genera Callcenter\.m2\repository\org\springframework\data\spring-data-commons\3.1.0\spring-data-commons-3.1.0.jar;C:\Users\Genera Callcenter\.m2\repository\org\springframework\spring-orm\6.0.9\spring-orm-6.0.9.jar;C:\Users\Genera Callcenter\.m2\repository\org\springframework\spring-context\6.0.9\spring-context-6.0.9.jar;C:\Users\Genera Callcenter\.m2\repository\org\springframework\spring-tx\6.0.9\spring-tx-6.0.9.jar;C:\Users\Genera Callcenter\.m2\repository\org\springframework\spring-beans\6.0.9\spring-beans-6.0.9.jar;C:\Users\Genera Callcenter\.m2\repository\org\slf4j\slf4j-api\2.0.7\slf4j-api-2.0.7.jar;C:\Users\Genera Callcenter\.m2\repository\org\springframework\spring-aspects\6.0.9\spring-aspects-6.0.9.jar;C:\Users\Genera Callcenter\.m2\repository\org\springframework\boot\spring-boot-starter-web\3.1.0\spring-boot-starter-web-3.1.0.jar;C:\Users\Genera Callcenter\.m2\repository\org\springframework\boot\spring-boot-starter-json\3.1.0\spring-boot-starter-json-3.1.0.jar;C:\Users\Genera Callcenter\.m2\repository\com\fasterxml\jackson\datatype\jackson-datatype-jdk8\2.15.0\jackson-datatype-jdk8-2.15.0.jar;C:\Users\Genera Callcenter\.m2\repository\com\fasterxml\jackson\module\jackson-module-parameter-names\2.15.0\jackson-module-parameter-names-2.15.0.jar;C:\Users\Genera Callcenter\.m2\repository\org\springframework\boot\spring-boot-starter-tomcat\3.1.0\spring-boot-starter-tomcat-3.1.0.jar;C:\Users\Genera Callcenter\.m2\repository\org\apache\tomcat\embed\tomcat-embed-core\10.1.8\tomcat-embed-core-10.1.8.jar;C:\Users\Genera Callcenter\.m2\repository\org\apache\tomcat\embed\tomcat-embed-el\10.1.8\tomcat-embed-el-10.1.8.jar;C:\Users\Genera Callcenter\.m2\repository\org\apache\tomcat\embed\tomcat-embed-websocket\10.1.8\tomcat-embed-websocket-10.1.8.jar;C:\Users\Genera Callcenter\.m2\repository\org\springframework\spring-web\6.0.9\spring-web-6.0.9.jar;C:\Users\Genera Callcenter\.m2\repository\org\springframework\spring-webmvc\6.0.9\spring-webmvc-6.0.9.jar;C:\Users\Genera Callcenter\.m2\repository\org\springframework\spring-expression\6.0.9\spring-expression-6.0.9.jar;C:\Users\Genera Callcenter\.m2\repository\org\springframework\boot\spring-boot-devtools\3.1.0\spring-boot-devtools-3.1.0.jar;C:\Users\Genera Callcenter\.m2\repository\org\springframework\boot\spring-boot\3.1.0\spring-boot-3.1.0.jar;C:\Users\Genera Callcenter\.m2\repository\org\springframework\boot\spring-boot-autoconfigure\3.1.0\spring-boot-autoconfigure-3.1.0.jar;C:\Users\Genera Callcenter\.m2\repository\com\microsoft\sqlserver\mssql-jdbc\9.2.1.jre11\mssql-jdbc-9.2.1.jre11.jar;C:\Users\Genera Callcenter\.m2\repository\jakarta\xml\bind\jakarta.xml.bind-api\4.0.0\jakarta.xml.bind-api-4.0.0.jar;C:\Users\Genera Callcenter\.m2\repository\jakarta\activation\jakarta.activation-api\2.1.2\jakarta.activation-api-2.1.2.jar;C:\Users\Genera Callcenter\.m2\repository\org\springframework\spring-core\6.0.9\spring-core-6.0.9.jar;C:\Users\Genera Callcenter\.m2\repository\org\springframework\spring-jcl\6.0.9\spring-jcl-6.0.9.jar;C:\Users\Genera Callcenter\.m2\repository\org\springframework\boot\spring-boot-starter-security\3.1.0\spring-boot-starter-security-3.1.0.jar;C:\Users\Genera Callcenter\.m2\repository\org\springframework\spring-aop\6.0.9\spring-aop-6.0.9.jar;C:\Users\Genera Callcenter\.m2\repository\org\springframework\security\spring-security-config\6.1.0\spring-security-config-6.1.0.jar;C:\Users\Genera Callcenter\.m2\repository\org\springframework\security\spring-security-core\6.1.0\spring-security-core-6.1.0.jar;C:\Users\Genera Callcenter\.m2\repository\org\springframework\security\spring-security-crypto\6.1.0\spring-security-crypto-6.1.0.jar;C:\Users\Genera Callcenter\.m2\repository\org\springframework\security\spring-security-web\6.1.0\spring-security-web-6.1.0.jar;C:\Users\Genera Callcenter\.m2\repository\io\jsonwebtoken\jjwt-api\0.11.5\jjwt-api-0.11.5.jar;C:\Users\Genera Callcenter\.m2\repository\io\jsonwebtoken\jjwt-impl\0.11.5\jjwt-impl-0.11.5.jar;C:\Users\Genera Callcenter\.m2\repository\io\jsonwebtoken\jjwt-jackson\0.11.5\jjwt-jackson-0.11.5.jar;C:\Users\Genera Callcenter\.m2\repository\com\fasterxml\jackson\core\jackson-databind\2.15.0\jackson-databind-2.15.0.jar;C:\Users\Genera Callcenter\.m2\repository\com\fasterxml\jackson\core\jackson-annotations\2.15.0\jackson-annotations-2.15.0.jar;C:\Users\Genera Callcenter\.m2\repository\com\fasterxml\jackson\core\jackson-core\2.15.0\jackson-core-2.15.0.jar
Launcher Type: SUN_STANDARD

[Global flags]
     intx CICompilerCount                          = 3                                         {product} {ergonomic}
     uint ConcGCThreads                            = 1                                         {product} {ergonomic}
     uint G1ConcRefinementThreads                  = 4                                         {product} {ergonomic}
   size_t G1HeapRegionSize                         = 2097152                                   {product} {ergonomic}
    uintx GCDrainStackTargetSize                   = 64                                        {product} {ergonomic}
   size_t InitialHeapSize                          = 197132288                                 {product} {ergonomic}
   size_t MarkStackSize                            = 4194304                                   {product} {ergonomic}
   size_t MaxHeapSize                              = 3145728000                                {product} {ergonomic}
   size_t MaxNewSize                               = 1887436800                                {product} {ergonomic}
   size_t MinHeapDeltaBytes                        = 2097152                                   {product} {ergonomic}
   size_t MinHeapSize                              = 8388608                                   {product} {ergonomic}
    uintx NonNMethodCodeHeapSize                   = 5832780                                {pd product} {ergonomic}
    uintx NonProfiledCodeHeapSize                  = 122912730                              {pd product} {ergonomic}
    uintx ProfiledCodeHeapSize                     = 122912730                              {pd product} {ergonomic}
    uintx ReservedCodeCacheSize                    = 251658240                              {pd product} {ergonomic}
     bool SegmentedCodeCache                       = true                                      {product} {ergonomic}
     bool ShowCodeDetailsInExceptionMessages       = true                                   {manageable} {command line}
   size_t SoftMaxHeapSize                          = 3145728000                             {manageable} {ergonomic}
     bool UseCompressedClassPointers               = true                           {product lp64_product} {ergonomic}
     bool UseCompressedOops                        = true                           {product lp64_product} {ergonomic}
     bool UseG1GC                                  = true                                      {product} {ergonomic}
     bool UseLargePagesIndividualAllocation        = false                                  {pd product} {ergonomic}

Logging:
Log output configuration:
 #0: stdout all=warning uptime,level,tags foldmultilines=false
 #1: stderr all=off uptime,level,tags foldmultilines=false

Environment Variables:
JAVA_HOME=C:\Java\jdk-19.0.1
PATH=C:\Program Files\Common Files\Oracle\Java\javapath;C:\Windows\system32;C:\Windows;C:\Windows\System32\Wbem;C:\Windows\System32\WindowsPowerShell\v1.0\;C:\Windows\System32\OpenSSH\;C:\Program Files (x86)\Microsoft SQL Server\150\DTS\Binn\;C:\Program Files\Azure Data Studio\bin;C:\Program Files\Microsoft SQL Server\130\Tools\Binn\;C:\Program Files\Microsoft SQL Server\Client SDK\ODBC\170\Tools\Binn\;C:\Program Files\nodejs\;C:\Program Files (x86)\Microsoft SQL Server\110\DTS\Binn\;C:\Program Files (x86)\Microsoft SQL Server\120\DTS\Binn\;C:\Program Files (x86)\Microsoft SQL Server\130\DTS\Binn\;C:\Program Files (x86)\Microsoft SQL Server\140\DTS\Binn\;C:\Program Files\dotnet\;C:\Users\Genera Callcenter\AppData\Local\Microsoft\WindowsApps;C:\Users\Genera Callcenter\AppData\Local\Programs\Git\cmd;C:\Users\Genera Callcenter\AppData\Roaming\npm;C:\Users\Genera Callcenter\AppData\Local\Programs\Microsoft VS Code\bin;C:\Program Files\nodejs;C:\Users\Genera Callcenter\.dotnet\tools;C:\Java\jdk-19.0.1\bin;
USERNAME=Genera Callcenter
LANG=en_US.UTF-8
OS=Windows_NT
PROCESSOR_IDENTIFIER=Intel64 Family 6 Model 60 Stepping 3, GenuineIntel
TMP=C:\Users\GENERA~1\AppData\Local\Temp
TEMP=C:\Users\GENERA~1\AppData\Local\Temp



---------------  S Y S T E M  ---------------

OS:
 Windows 10 , 64 bit Build 19041 (10.0.19041.3031)
OS uptime: 21 days 8:10 hours

CPU: total 4 (initial active 4) (2 cores per cpu, 2 threads per core) family 6 model 60 stepping 3 microcode 0x27, cx8, cmov, fxsr, ht, mmx, sse, sse2, sse3, ssse3, sse4.1, sse4.2, popcnt, lzcnt, tsc, tscinvbit, avx, avx2, aes, erms, clmul, bmi1, bmi2, fma, vzeroupper, clflush, rdtscp

Memory: 4k page, system-wide physical 11992M (163M free)
TotalPageFile size 27183M (AvailPageFile size 7M)
current process WorkingSet (physical memory assigned to process): 85M, peak: 85M
current process commit charge ("private bytes"): 288M, peak: 288M

vm_info: OpenJDK 64-Bit Server VM (19.0.1+10-21) for windows-amd64 JRE (19.0.1+10-21), built on 2022-09-14T12:45:06Z by "mach5one" with MS VC++ 17.1 (VS2022)

END.
